<?xml version="1.0" encoding="UTF-8"?>
<!-- Generated by org.testng.reporters.JUnitXMLReporter -->
<testsuite hostname="IBASE132-PC" tests="1" failures="1" timestamp="26 May 2016 09:57:22 GMT" time="36.765" errors="0">
  <testcase name="f" time="36.741" classname="OWyseTest">
    <failure type="java.lang.reflect.InvocationTargetException">
      <![CDATA[java.lang.reflect.InvocationTargetException
	at com.omniwyse.mobiletest.test.functions.AppFunctionStep.execute(AppFunctionStep.java:73)
	at com.omniwyse.mobiletest.test.cases.TestCaseStep.execute(TestCaseStep.java:52)
	at com.omniwyse.mobiletest.test.cases.TestCaseStep.executeTestCaseStep(TestCaseStep.java:39)
	at com.omniwyse.mobiletest.test.cases.TestCaseStep.<init>(TestCaseStep.java:27)
	at com.omniwyse.mobiletest.test.cases.TestCases.executeTestCase(TestCases.java:42)
	at com.omniwyse.mobiletest.test.cases.TestCases.<init>(TestCases.java:26)
	at com.omniwyse.mobiletest.test.suites.TestSuite.<init>(TestSuite.java:37)
	at com.omniwyse.mobiletest.data.DataManager.executeTestPlan(DataManager.java:66)
	at OWyseTest.f(OWyseTest.java:26)
Caused by: javax.mail.AuthenticationFailedException: [ALERT] Invalid credentials (Failure)
	at com.sun.mail.imap.IMAPStore.protocolConnect(IMAPStore.java:474)
	at javax.mail.Service.connect(Service.java:275)
	at javax.mail.Service.connect(Service.java:156)
	at com.omniwyse.mobiletest.utils.GmailUtility.getEmailStore(GmailUtility.java:55)
	at com.omniwyse.mobiletest.utils.GmailUtility.getVerificationLinkFromGmail(GmailUtility.java:140)
	at com.omniwyse.mobiletest.driver.SeleniumFramework.registerAndValidateUser(SeleniumFramework.java:715)
	... 37 more
... Removed 28 stack frames]]>
    </failure>
  </testcase> <!-- f -->
</testsuite>
